<?xml version="1.0" encoding="UTF-8"?>
<testng-results ignored="0" total="1" passed="1" failed="0" skipped="0">
  <reporter-output>
  </reporter-output>
  <suite started-at="2024-05-02T19:01:04 IST" name="Ford QA Regression Suite" finished-at="2024-05-02T19:01:26 IST" duration-ms="21641">
    <groups>
    </groups>
    <test started-at="2024-05-02T19:01:04 IST" name="Ford QA Regression Tests" finished-at="2024-05-02T19:01:26 IST" duration-ms="21641">
      <class name="com.org.hab.Ford_EndToEndScenarios">
        <test-method is-config="true" signature="setup(org.testng.ITestContext)[pri:0, instance:com.org.hab.Ford_EndToEndScenarios@243c4f91]" started-at="2024-05-02T19:01:04 IST" name="setup" finished-at="2024-05-02T19:01:14 IST" duration-ms="9607" status="PASS">
          <params>
            <param index="0">
              <value>
                <![CDATA[org.testng.TestRunner@4f83df68]]>
              </value>
            </param>
          </params>
          <reporter-output>
          </reporter-output>
        </test-method> <!-- setup -->
        <test-method signature="validate_Ford_E2EScenario_1Driver_1Vehicle(java.lang.String,java.lang.String,java.lang.String,java.lang.String,java.lang.String,java.lang.String,java.lang.String,java.lang.String,java.lang.String,java.lang.String,java.lang.String,java.lang.String)[pri:1, instance:com.org.hab.Ford_EndToEndScenarios@243c4f91]" started-at="2024-05-02T19:01:15 IST" name="validate_Ford_E2EScenario_1Driver_1Vehicle" data-provider="Ford_UI" finished-at="2024-05-02T19:01:26 IST" duration-ms="11362" status="PASS">
          <params>
            <param index="0">
              <value>
                <![CDATA[2FMPK4K95PB872610]]>
              </value>
            </param>
            <param index="1">
              <value>
                <![CDATA[502-770 Hager Ave Burlington, ON, L7S 1X1]]>
              </value>
            </param>
            <param index="2">
              <value>
                <![CDATA[5,001 to 10,000]]>
              </value>
            </param>
            <param index="3">
              <value>
                <![CDATA[James MiteshTest]]>
              </value>
            </param>
            <param index="4">
              <value>
                <![CDATA[Purple]]>
              </value>
            </param>
            <param index="5">
              <value>
                <![CDATA[Male]]>
              </value>
            </param>
            <param index="6">
              <value>
                <![CDATA[Single]]>
              </value>
            </param>
            <param index="7">
              <value>
                <![CDATA[Nov 4, 1969]]>
              </value>
            </param>
            <param index="8">
              <value>
                <![CDATA[20]]>
              </value>
            </param>
            <param index="9">
              <value>
                <![CDATA[shivam.rastogi-x+ford004@aidenai.com]]>
              </value>
            </param>
            <param index="10">
              <value>
                <![CDATA[6476471234]]>
              </value>
            </param>
            <param index="11">
              <value>
                <![CDATA[Ford_Partner_UI]]>
              </value>
            </param>
          </params>
          <reporter-output>
          </reporter-output>
        </test-method> <!-- validate_Ford_E2EScenario_1Driver_1Vehicle -->
        <test-method is-config="true" signature="tearDown()[pri:0, instance:com.org.hab.Ford_EndToEndScenarios@243c4f91]" started-at="2024-05-02T19:01:26 IST" name="tearDown" finished-at="2024-05-02T19:01:26 IST" duration-ms="168" status="PASS">
          <reporter-output>
          </reporter-output>
        </test-method> <!-- tearDown -->
      </class> <!-- com.org.hab.Ford_EndToEndScenarios -->
    </test> <!-- Ford QA Regression Tests -->
  </suite> <!-- Ford QA Regression Suite -->
</testng-results>
